<?xml version="1.0" encoding="UTF-8"?>
<!-- Generated by org.testng.reporters.JUnitReportReporter -->
<testsuite hostname="Apurwa-PC" name="com.fastudent.preschool.CheckCategoryPreschool" tests="1" failures="0" timestamp="14 Mar 2016 10:03:26 GMT" time="28.427" errors="0">
  <testcase name="testcaseColloge" time="28.427" classname="com.fastudent.preschool.CheckCategoryPreschool"/>
</testsuite> <!-- com.fastudent.preschool.CheckCategoryPreschool -->
