<?xml version="1.0" encoding="UTF-8"?>
<!-- Generated by org.testng.reporters.JUnitReportReporter -->
<testsuite hostname="Apurwa-PC" name="com.fastudent.shopby.Shopbyclick" tests="1" failures="0" timestamp="14 Mar 2016 10:17:15 GMT" time="15.028" errors="0">
  <testcase name="testcaseA2" time="15.028" classname="com.fastudent.shopby.Shopbyclick"/>
</testsuite> <!-- com.fastudent.shopby.Shopbyclick -->
