<?xml version="1.0" encoding="UTF-8"?>
<!-- Generated by org.testng.reporters.JUnitReportReporter -->
<testsuite hostname="Apurwa-PC" name="com.fastudent.school.CheckCategorySchool" tests="1" failures="0" timestamp="14 Mar 2016 10:03:26 GMT" time="21.084" errors="0">
  <testcase name="testcaseSchool" time="21.084" classname="com.fastudent.school.CheckCategorySchool"/>
</testsuite> <!-- com.fastudent.school.CheckCategorySchool -->
