<?xml version="1.0" encoding="UTF-8"?>
<!-- Generated by org.testng.reporters.JUnitReportReporter -->
<testsuite hostname="Apurwa-PC" name="com.fastudent.vocational.CheckCategoryVocational" tests="1" failures="0" timestamp="14 Mar 2016 10:03:26 GMT" time="15.091" errors="0">
  <testcase name="testcasevocational" time="15.091" classname="com.fastudent.vocational.CheckCategoryVocational"/>
</testsuite> <!-- com.fastudent.vocational.CheckCategoryVocational -->
