<?xml version="1.0" encoding="UTF-8"?>
<!-- Generated by org.testng.reporters.JUnitReportReporter -->
<testsuite hostname="Apurwa-PC" name="com.fastudent.school.CheckSubCategorySchool" tests="1" failures="0" timestamp="14 Mar 2016 10:03:26 GMT" time="0.000" errors="1">
  <testcase name="testcaseSchool" time="0.000" classname="com.fastudent.school.CheckSubCategorySchool"/>
</testsuite> <!-- com.fastudent.school.CheckSubCategorySchool -->
