<?xml version="1.0" encoding="UTF-8"?>
<!-- Generated by org.testng.reporters.JUnitReportReporter -->
<testsuite hostname="Apurwa-PC" name="com.fastudent.competition.CheckCategoryCompetition" tests="1" failures="0" timestamp="14 Mar 2016 10:03:26 GMT" time="23.829" errors="0">
  <testcase name="testcaseCompition" time="23.829" classname="com.fastudent.competition.CheckCategoryCompetition"/>
</testsuite> <!-- com.fastudent.competition.CheckCategoryCompetition -->
