<?xml version="1.0" encoding="UTF-8"?>
<!-- Generated by org.testng.reporters.JUnitReportReporter -->
<testsuite hostname="Apurwa-PC" name="com.fastudent.preschool.CheckSubCategoryPreschool" tests="1" failures="0" timestamp="14 Mar 2016 10:03:26 GMT" time="0.000" errors="1">
  <testcase name="testcaseA3" time="0.000" classname="com.fastudent.preschool.CheckSubCategoryPreschool"/>
</testsuite> <!-- com.fastudent.preschool.CheckSubCategoryPreschool -->
